<?xml version="1.0" encoding="UTF-8"?>
<coverage generated="1606661337007" clover="3.2.0">
  <project timestamp="1606661337008" name="All files">
    <metrics statements="20" coveredstatements="14" conditionals="4" coveredconditionals="3" methods="14" coveredmethods="9" elements="38" coveredelements="26" complexity="0" loc="20" ncloc="20" packages="1" files="3" classes="3"/>
    <file name="Footer.vue" path="/Users/ut/WebstormProjects/wad-practical-14/frontend/src/components/Footer.vue">
      <metrics statements="4" coveredstatements="0" conditionals="0" coveredconditionals="0" methods="2" coveredmethods="0"/>
      <line num="16" count="0" type="stmt"/>
      <line num="23" count="0" type="stmt"/>
      <line num="24" count="0" type="stmt"/>
      <line num="25" count="0" type="stmt"/>
    </file>
    <file name="Header.vue" path="/Users/ut/WebstormProjects/wad-practical-14/frontend/src/components/Header.vue">
      <metrics statements="10" coveredstatements="10" conditionals="2" coveredconditionals="1" methods="7" coveredmethods="7"/>
      <line num="18" count="1" type="stmt"/>
      <line num="24" count="2" type="stmt"/>
      <line num="27" count="1" type="stmt"/>
      <line num="32" count="1" type="stmt"/>
      <line num="34" count="1" type="cond" truecount="1" falsecount="1"/>
      <line num="37" count="1" type="stmt"/>
      <line num="39" count="1" type="stmt"/>
      <line num="42" count="1" type="stmt"/>
      <line num="45" count="1" type="stmt"/>
      <line num="47" count="1" type="stmt"/>
    </file>
    <file name="List.vue" path="/Users/ut/WebstormProjects/wad-practical-14/frontend/src/components/List.vue">
      <metrics statements="6" coveredstatements="4" conditionals="2" coveredconditionals="2" methods="5" coveredmethods="2"/>
      <line num="18" count="1" type="stmt"/>
      <line num="24" count="0" type="stmt"/>
      <line num="30" count="1" type="stmt"/>
      <line num="31" count="1" type="stmt"/>
      <line num="32" count="3" type="cond" truecount="2" falsecount="0"/>
      <line num="39" count="0" type="stmt"/>
    </file>
  </project>
</coverage>
