TN:
SF:/Users/ut/WebstormProjects/wad-practical-14/frontend/src/components/Footer.vue
FN:15,(anonymous_1)
FN:22,(anonymous_2)
FNF:2
FNH:0
FNDA:0,(anonymous_1)
FNDA:0,(anonymous_2)
DA:16,0
DA:23,0
DA:24,0
DA:25,0
LF:4
LH:0
BRF:0
BRH:0
end_of_record
TN:
SF:/Users/ut/WebstormProjects/wad-practical-14/frontend/src/components/Header.vue
FN:17,(anonymous_1)
FN:23,(anonymous_2)
FN:26,(anonymous_3)
FN:31,(anonymous_4)
FN:36,(anonymous_5)
FN:41,(anonymous_6)
FN:44,(anonymous_7)
FNF:7
FNH:7
FNDA:1,(anonymous_1)
FNDA:2,(anonymous_2)
FNDA:1,(anonymous_3)
FNDA:1,(anonymous_4)
FNDA:1,(anonymous_5)
FNDA:1,(anonymous_6)
FNDA:1,(anonymous_7)
DA:18,1
DA:24,2
DA:27,1
DA:32,1
DA:34,1
DA:37,1
DA:39,1
DA:42,1
DA:45,1
DA:47,1
LF:10
LH:10
BRDA:34,0,0,0
BRDA:34,0,1,1
BRF:2
BRH:1
end_of_record
TN:
SF:/Users/ut/WebstormProjects/wad-practical-14/frontend/src/components/List.vue
FN:23,(anonymous_1)
FN:24,(anonymous_2)
FN:29,(anonymous_3)
FN:31,(anonymous_4)
FN:39,(anonymous_5)
FNF:5
FNH:2
FNDA:0,(anonymous_1)
FNDA:0,(anonymous_2)
FNDA:1,(anonymous_3)
FNDA:3,(anonymous_4)
FNDA:0,(anonymous_5)
DA:18,1
DA:24,0
DA:30,1
DA:31,1
DA:32,3
DA:39,0
LF:6
LH:4
BRDA:32,0,0,3
BRDA:32,0,1,2
BRF:2
BRH:2
end_of_record
